[debug] [2020-05-09T12:52:55.721Z] ----------------------------------------------------------------------
[debug] [2020-05-09T12:52:55.726Z] Command:       /usr/bin/node /usr/bin/firebase init
[debug] [2020-05-09T12:52:55.727Z] CLI Version:   8.2.0
[debug] [2020-05-09T12:52:55.727Z] Platform:      linux
[debug] [2020-05-09T12:52:55.727Z] Node Version:  v12.16.3
[debug] [2020-05-09T12:52:55.727Z] Time:          Sat May 09 2020 12:52:55 GMT+0000 (GMT)
[debug] [2020-05-09T12:52:55.727Z] ----------------------------------------------------------------------
[debug] [2020-05-09T12:52:55.728Z] 
[debug] [2020-05-09T12:52:55.819Z] > command requires scopes: ["email","openid","https://www.googleapis.com/auth/cloudplatformprojects.readonly","https://www.googleapis.com/auth/firebase","https://www.googleapis.com/auth/cloud-platform"]
[debug] [2020-05-09T12:52:55.820Z] > authorizing via signed-in user
[info] 
     ######## #### ########  ######## ########     ###     ######  ########
     ##        ##  ##     ## ##       ##     ##  ##   ##  ##       ##
     ######    ##  ########  ######   ########  #########  ######  ######
     ##        ##  ##    ##  ##       ##     ## ##     ##       ## ##
     ##       #### ##     ## ######## ########  ##     ##  ######  ########

You're about to initialize a Firebase project in this directory:

  /home/ibn/sam-covid19

Before we get started, keep in mind:

  * You are initializing in an existing Firebase project directory

[debug] [2020-05-09T12:53:23.053Z] TypeError: Cannot read property 'setRawMode' of null
    at ReadStream.setRawMode (tty.js:75:28)
    at Interface._setRawMode (readline.js:283:16)
    at Interface.close (readline.js:406:10)
    at ReadStream.ontermend (readline.js:194:10)
    at ReadStream.emit (events.js:322:22)
    at ReadStream.EventEmitter.emit (domain.js:482:12)
    at endReadableNT (_stream_readable.js:1187:12)
    at processTicksAndRejections (internal/process/task_queues.js:84:21)
